<?xml version="1.0" encoding="UTF-8"?>
<!-- Generated by org.testng.reporters.JUnitReportReporter -->
<testsuite skipped="0" hostname="DESKTOP-DCJAIFL" name="seleniumTrianing.TestNG" tests="2" failures="0" timestamp="2019-11-26T13:57:00 PST" time="0.009" errors="0">
  <testcase name="SecondTest" time="0.002" classname="seleniumTrianing.TestNG"/>
  <testcase name="FirstTest" time="0.007" classname="seleniumTrianing.TestNG"/>
</testsuite> <!-- seleniumTrianing.TestNG -->
