<?xml version="1.0" encoding="UTF-8"?>
<!-- Generated by org.testng.reporters.JUnitReportReporter -->
<testsuite skipped="0" hostname="DESKTOP-DCJAIFL" name="seleniumTrianing.FeatureOfTestNG" tests="7" failures="0" timestamp="2019-11-26T18:34:13 PST" time="0.014" errors="0">
  <testcase name="TestLogin" time="0.001" classname="seleniumTrianing.FeatureOfTestNG"/>
  <testcase name="TestLogin" time="0.001" classname="seleniumTrianing.FeatureOfTestNG"/>
  <testcase name="TestHomePage" time="0.001" classname="seleniumTrianing.FeatureOfTestNG"/>
  <testcase name="TestLogin" time="0.007" classname="seleniumTrianing.FeatureOfTestNG"/>
  <testcase name="TestLogin" time="0.001" classname="seleniumTrianing.FeatureOfTestNG"/>
  <testcase name="TestLogin" time="0.001" classname="seleniumTrianing.FeatureOfTestNG"/>
  <testcase name="TestingLocation" time="0.002" classname="seleniumTrianing.FeatureOfTestNG"/>
</testsuite> <!-- seleniumTrianing.FeatureOfTestNG -->
